09-11-2020 19:44:25 [main] INFO  Utility.Base - Driver initialized
09-11-2020 19:44:35 [main] INFO  Utility.Base - Frames
09-11-2020 19:44:36 [main] INFO  Utility.Base - Consulting
09-11-2020 19:44:36 [main] INFO  Utility.Base - Scroll
09-11-2020 19:44:36 [main] INFO  Utility.Base - FormStart
09-11-2020 19:44:38 [main] INFO  Utility.Base - Data provider values
09-11-2020 19:44:40 [main] INFO  Utility.Base - Formend
09-11-2020 19:44:42 [main] INFO  Utility.Base - Modal Open
09-11-2020 19:44:46 [main] INFO  Utility.Base - Modal Close
09-11-2020 19:44:51 [main] INFO  Utility.Base - clicked on Mentorship
09-11-2020 19:44:51 [main] INFO  Utility.Base - Back to window from frames
09-11-2020 19:44:51 [main] INFO  Utility.Base - footerSection
09-11-2020 19:44:54 [main] INFO  Utility.Base - RestAPI Page open
09-11-2020 19:44:57 [main] INFO  Utility.Base - FrameTest Done
09-11-2020 19:45:17 [main] INFO  Utility.Base - Driver initialized
09-11-2020 19:45:23 [main] INFO  Utility.Base - Frames
09-11-2020 19:45:27 [main] INFO  Utility.Base - Consulting
09-11-2020 19:45:27 [main] INFO  Utility.Base - Scroll
09-11-2020 19:45:27 [main] INFO  Utility.Base - FormStart
09-11-2020 19:45:29 [main] INFO  Utility.Base - Data provider values
09-11-2020 19:45:33 [main] INFO  Utility.Base - Formend
09-11-2020 19:45:35 [main] INFO  Utility.Base - Modal Open
09-11-2020 19:45:39 [main] INFO  Utility.Base - Modal Close
09-11-2020 19:45:44 [main] INFO  Utility.Base - clicked on Mentorship
09-11-2020 19:45:44 [main] INFO  Utility.Base - Back to window from frames
09-11-2020 19:45:44 [main] INFO  Utility.Base - footerSection
09-11-2020 19:45:46 [main] INFO  Utility.Base - RestAPI Page open
09-11-2020 19:45:49 [main] INFO  Utility.Base - FrameTest Done
09-11-2020 19:46:10 [main] INFO  Utility.Base - Driver initialized
09-11-2020 19:46:14 [main] INFO  Utility.Base - Frames
09-11-2020 19:46:15 [main] INFO  Utility.Base - Consulting
09-11-2020 19:46:15 [main] INFO  Utility.Base - Scroll
09-11-2020 19:46:16 [main] INFO  Utility.Base - FormStart
09-11-2020 19:46:18 [main] INFO  Utility.Base - Data provider values
09-11-2020 19:46:19 [main] INFO  Utility.Base - Formend
09-11-2020 19:46:21 [main] INFO  Utility.Base - Modal Open
09-11-2020 19:46:25 [main] INFO  Utility.Base - Modal Close
09-11-2020 19:46:30 [main] INFO  Utility.Base - clicked on Mentorship
09-11-2020 19:46:30 [main] INFO  Utility.Base - Back to window from frames
09-11-2020 19:46:30 [main] INFO  Utility.Base - footerSection
09-11-2020 19:46:33 [main] INFO  Utility.Base - RestAPI Page open
09-11-2020 19:46:37 [main] INFO  Utility.Base - FrameTest Done
