09-14-2020 12:46:54 [main] INFO  Utility.Base - Driver initialized
09-14-2020 12:47:02 [main] INFO  Utility.Base - Frames
09-14-2020 12:47:04 [main] INFO  Utility.Base - Consulting
09-14-2020 12:47:04 [main] INFO  Utility.Base - Scroll
09-14-2020 12:47:04 [main] INFO  Utility.Base - FormStart
09-14-2020 12:47:06 [main] INFO  Utility.Base - Data provider values
09-14-2020 12:47:08 [main] INFO  Utility.Base - Formend
09-14-2020 12:47:10 [main] INFO  Utility.Base - Modal Open
09-14-2020 12:47:15 [main] INFO  Utility.Base - Modal Close
09-14-2020 12:47:20 [main] INFO  Utility.Base - clicked on Mentorship
09-14-2020 12:47:20 [main] INFO  Utility.Base - Back to window from frames
09-14-2020 12:47:20 [main] INFO  Utility.Base - footerSection
09-14-2020 12:47:22 [main] INFO  Utility.Base - RestAPI Page open
09-14-2020 12:47:25 [main] INFO  Utility.Base - FrameTest Done
09-14-2020 12:47:43 [main] INFO  Utility.Base - Driver initialized
09-14-2020 12:47:47 [main] INFO  Utility.Base - Frames
09-14-2020 12:47:50 [main] INFO  Utility.Base - Consulting
09-14-2020 12:47:50 [main] INFO  Utility.Base - Scroll
09-14-2020 12:47:50 [main] INFO  Utility.Base - FormStart
09-14-2020 12:47:52 [main] INFO  Utility.Base - Data provider values
09-14-2020 12:47:57 [main] INFO  Utility.Base - Formend
09-14-2020 12:47:59 [main] INFO  Utility.Base - Modal Open
09-14-2020 12:48:03 [main] INFO  Utility.Base - Modal Close
09-14-2020 12:48:09 [main] INFO  Utility.Base - clicked on Mentorship
09-14-2020 12:48:09 [main] INFO  Utility.Base - Back to window from frames
09-14-2020 12:48:09 [main] INFO  Utility.Base - footerSection
09-14-2020 12:48:17 [main] INFO  Utility.Base - RestAPI Page open
09-14-2020 12:48:20 [main] INFO  Utility.Base - FrameTest Done
09-14-2020 12:48:37 [main] INFO  Utility.Base - Driver initialized
09-14-2020 12:48:45 [main] INFO  Utility.Base - Frames
09-14-2020 12:48:45 [main] INFO  Utility.Base - Consulting
09-14-2020 12:48:45 [main] INFO  Utility.Base - Scroll
09-14-2020 12:48:46 [main] INFO  Utility.Base - FormStart
09-14-2020 12:48:48 [main] INFO  Utility.Base - Data provider values
09-14-2020 12:48:50 [main] INFO  Utility.Base - Formend
09-14-2020 12:48:52 [main] INFO  Utility.Base - Modal Open
09-14-2020 12:48:56 [main] INFO  Utility.Base - Modal Close
09-14-2020 12:49:01 [main] INFO  Utility.Base - clicked on Mentorship
09-14-2020 12:49:01 [main] INFO  Utility.Base - Back to window from frames
09-14-2020 12:49:01 [main] INFO  Utility.Base - footerSection
09-14-2020 12:49:03 [main] INFO  Utility.Base - RestAPI Page open
09-14-2020 12:49:06 [main] INFO  Utility.Base - FrameTest Done
09-14-2020 12:55:35 [main] INFO  SeleniumPackage.SeleniumRS.FrameTest - Chrome Browser selected
09-14-2020 13:04:07 [main] INFO  SeleniumPackage.SeleniumRS.FrameTest - Chrome Browser selected
09-14-2020 13:04:21 [main] INFO  SeleniumPackage.SeleniumRS.FrameTest - Chrome Browser selected
09-14-2020 13:04:33 [main] INFO  SeleniumPackage.SeleniumRS.FrameTest - Driver initialized
09-14-2020 13:04:37 [main] INFO  SeleniumPackage.SeleniumRS.FrameTest - Frames
09-14-2020 13:04:38 [main] INFO  SeleniumPackage.SeleniumRS.FrameTest - Consulting
09-14-2020 13:04:39 [main] INFO  SeleniumPackage.SeleniumRS.FrameTest - Scroll
09-14-2020 13:04:39 [main] INFO  SeleniumPackage.SeleniumRS.FrameTest - FormStart
09-14-2020 13:04:41 [main] INFO  SeleniumPackage.SeleniumRS.FrameTest - Data provider values
09-14-2020 13:04:42 [main] INFO  SeleniumPackage.SeleniumRS.FrameTest - Formend
09-14-2020 13:04:44 [main] INFO  SeleniumPackage.SeleniumRS.FrameTest - Modal Open
09-14-2020 13:04:49 [main] INFO  SeleniumPackage.SeleniumRS.FrameTest - Modal Close
09-14-2020 13:04:53 [main] INFO  SeleniumPackage.SeleniumRS.FrameTest - clicked on Mentorship
09-14-2020 13:04:53 [main] INFO  SeleniumPackage.SeleniumRS.FrameTest - Back to window from frames
09-14-2020 13:04:54 [main] INFO  SeleniumPackage.SeleniumRS.FrameTest - footerSection
09-14-2020 13:04:56 [main] INFO  SeleniumPackage.SeleniumRS.FrameTest - RestAPI Page open
09-14-2020 13:04:59 [main] INFO  SeleniumPackage.SeleniumRS.FrameTest - FrameTest Done
09-14-2020 13:04:59 [main] INFO  SeleniumPackage.SeleniumRS.FrameTest - Chrome Browser selected
09-14-2020 13:05:16 [main] INFO  SeleniumPackage.SeleniumRS.FrameTest - Driver initialized
09-14-2020 13:05:22 [main] INFO  SeleniumPackage.SeleniumRS.FrameTest - Frames
09-14-2020 13:05:22 [main] INFO  SeleniumPackage.SeleniumRS.FrameTest - Consulting
09-14-2020 13:05:23 [main] INFO  SeleniumPackage.SeleniumRS.FrameTest - Scroll
09-14-2020 13:05:23 [main] INFO  SeleniumPackage.SeleniumRS.FrameTest - FormStart
09-14-2020 13:05:25 [main] INFO  SeleniumPackage.SeleniumRS.FrameTest - Data provider values
09-14-2020 13:05:28 [main] INFO  SeleniumPackage.SeleniumRS.FrameTest - Formend
09-14-2020 13:05:30 [main] INFO  SeleniumPackage.SeleniumRS.FrameTest - Modal Open
09-14-2020 13:05:34 [main] INFO  SeleniumPackage.SeleniumRS.FrameTest - Modal Close
09-14-2020 13:05:39 [main] INFO  SeleniumPackage.SeleniumRS.FrameTest - clicked on Mentorship
09-14-2020 13:05:39 [main] INFO  SeleniumPackage.SeleniumRS.FrameTest - Back to window from frames
09-14-2020 13:05:39 [main] INFO  SeleniumPackage.SeleniumRS.FrameTest - footerSection
09-14-2020 13:05:42 [main] INFO  SeleniumPackage.SeleniumRS.FrameTest - RestAPI Page open
09-14-2020 13:05:46 [main] INFO  SeleniumPackage.SeleniumRS.FrameTest - FrameTest Done
09-14-2020 13:05:46 [main] INFO  SeleniumPackage.SeleniumRS.FrameTest - Chrome Browser selected
09-14-2020 13:06:08 [main] INFO  SeleniumPackage.SeleniumRS.FrameTest - Driver initialized
09-14-2020 13:06:16 [main] INFO  SeleniumPackage.SeleniumRS.FrameTest - Frames
09-14-2020 13:06:17 [main] INFO  SeleniumPackage.SeleniumRS.FrameTest - Consulting
09-14-2020 13:06:17 [main] INFO  SeleniumPackage.SeleniumRS.FrameTest - Scroll
09-14-2020 13:06:17 [main] INFO  SeleniumPackage.SeleniumRS.FrameTest - FormStart
09-14-2020 13:06:19 [main] INFO  SeleniumPackage.SeleniumRS.FrameTest - Data provider values
09-14-2020 13:06:21 [main] INFO  SeleniumPackage.SeleniumRS.FrameTest - Formend
09-14-2020 13:06:23 [main] INFO  SeleniumPackage.SeleniumRS.FrameTest - Modal Open
09-14-2020 13:06:27 [main] INFO  SeleniumPackage.SeleniumRS.FrameTest - Modal Close
09-14-2020 13:06:32 [main] INFO  SeleniumPackage.SeleniumRS.FrameTest - clicked on Mentorship
09-14-2020 13:06:32 [main] INFO  SeleniumPackage.SeleniumRS.FrameTest - Back to window from frames
09-14-2020 13:06:32 [main] INFO  SeleniumPackage.SeleniumRS.FrameTest - footerSection
09-14-2020 13:06:35 [main] INFO  SeleniumPackage.SeleniumRS.FrameTest - RestAPI Page open
09-14-2020 13:06:40 [main] INFO  SeleniumPackage.SeleniumRS.FrameTest - FrameTest Done
09-14-2020 13:14:02 [main] INFO  SeleniumPackage.SeleniumRS.FrameTest - Chrome Browser selected
09-14-2020 13:14:25 [main] INFO  SeleniumPackage.SeleniumRS.FrameTest - Chrome Browser selected
09-14-2020 13:14:47 [main] INFO  SeleniumPackage.SeleniumRS.FrameTest - Driver initialized
09-14-2020 13:14:57 [main] INFO  SeleniumPackage.SeleniumRS.FrameTest - Frames
09-14-2020 13:14:58 [main] INFO  SeleniumPackage.SeleniumRS.FrameTest - Consulting
09-14-2020 13:14:59 [main] INFO  SeleniumPackage.SeleniumRS.FrameTest - Scroll
09-14-2020 13:15:00 [main] INFO  SeleniumPackage.SeleniumRS.FrameTest - FormStart
09-14-2020 13:15:02 [main] INFO  SeleniumPackage.SeleniumRS.FrameTest - Data provider values
09-14-2020 13:15:04 [main] INFO  SeleniumPackage.SeleniumRS.FrameTest - Formend
09-14-2020 13:15:06 [main] INFO  SeleniumPackage.SeleniumRS.FrameTest - Modal Open
09-14-2020 14:01:51 [main] INFO  SeleniumPackage.SeleniumRS.FrameTest - Chrome Browser selected
09-14-2020 14:02:35 [main] INFO  SeleniumPackage.SeleniumRS.FrameTest - Chrome Browser selected
09-14-2020 14:02:56 [main] INFO  SeleniumPackage.SeleniumRS.FrameTest - Driver initialized
09-14-2020 14:04:30 [main] INFO  SeleniumPackage.SeleniumRS.FrameTest - Chrome Browser selected
09-14-2020 14:04:52 [main] INFO  SeleniumPackage.SeleniumRS.FrameTest - Chrome Browser selected
09-14-2020 14:05:07 [main] INFO  SeleniumPackage.SeleniumRS.FrameTest - Driver initialized
09-14-2020 14:05:11 [main] INFO  SeleniumPackage.SeleniumRS.FrameTest - Frames
09-14-2020 14:05:11 [main] INFO  SeleniumPackage.SeleniumRS.FrameTest - Consulting
09-14-2020 14:05:12 [main] INFO  SeleniumPackage.SeleniumRS.FrameTest - Scroll
09-14-2020 14:05:12 [main] INFO  SeleniumPackage.SeleniumRS.FrameTest - FormStart
09-14-2020 14:05:14 [main] INFO  SeleniumPackage.SeleniumRS.FrameTest - Data provider values
09-14-2020 19:12:46 [main] INFO  SeleniumPackage.SeleniumRS.FrameTest - Chrome Browser selected
