13:04:29.295 [main] INFO  Utility.Base - Driver initialized
13:04:31.370 [main] INFO  Utility.Base - Start Alert
13:04:39.138 [main] INFO  Utility.Base - End Alert
09-08-2020 14:02:11 [main] INFO  Utility.Base - Driver initialized
09-08-2020 14:02:13 [main] INFO  Utility.Base - Start Alert
09-08-2020 14:02:15 [main] INFO  Utility.Base - End Alert
09-08-2020 20:00:22 [main] INFO  Utility.Base - Driver initialized
09-08-2020 20:00:25 [main] INFO  Utility.Base - Start Alert
09-08-2020 20:00:33 [main] INFO  Utility.Base - End Alert
09-08-2020 20:02:02 [main] INFO  Utility.Base - Driver initialized
09-08-2020 20:02:04 [main] INFO  Utility.Base - Start Alert
09-08-2020 20:02:15 [main] INFO  Utility.Base - End Alert
09-08-2020 20:52:46 [main] INFO  Utility.Base - Driver initialized
09-08-2020 20:52:49 [main] INFO  Utility.Base - FrameTest
09-08-2020 20:52:53 [main] INFO  Utility.Base - Data provider values
09-08-2020 20:53:11 [main] INFO  Utility.Base - FrameTest Done
09-08-2020 20:54:17 [main] INFO  Utility.Base - Driver initialized
09-08-2020 20:54:19 [main] INFO  Utility.Base - FrameTest
09-08-2020 20:54:22 [main] INFO  Utility.Base - Data provider values
09-08-2020 20:54:38 [main] INFO  Utility.Base - FrameTest Done
09-08-2020 20:54:56 [main] INFO  Utility.Base - Driver initialized
09-08-2020 20:55:02 [main] INFO  Utility.Base - FrameTest
09-08-2020 20:55:05 [main] INFO  Utility.Base - Data provider values
09-08-2020 20:55:26 [main] INFO  Utility.Base - FrameTest Done
